Starting Dynare (version 5.5).
Calling Dynare with arguments: noclearall -Dn_ait_loop=8 -Dnsector=18
Starting preprocessing of the model file ...
Found 1589 equation(s).
Evaluating expressions...done
Computing static model derivatives (order 1).
Computing dynamic model derivatives (order 2).
Processing outputs ...
done
Preprocessing completed.


STEADY-STATE RESULTS:

invest             		 0
invest_flex        		 0
y_va               		 0
y_va_flex          		 0
g                  		 0
g_flex             		 0
r                  		 0
rr                 		 0
rr_flex            		 0
y_va_nonservice    		 0
y_va_service       		 0
gam_I              		 0
gam_I_flex         		 0
gam_G              		 0
gam_G_flex         		 0
pie_I              		 0
w                  		 0
w_flex             		 0
pie_W              		 0
pie_ye             		 0
Lpie               		 0
L2pie              		 0
lab                		 0
lab_flex           		 0
hrs                		 0
hrs_flex           		 0
c                  		 0
c_flex             		 0
eps_m              		 0
lam                		 0
lam_flex           		 0
trans              		 0
gap                		 0
lam_nr             		 0
lam_nr_flex        		 0
pie_core           		 0
pie_average        		 0
pie_average_NYFed  		 0
pie_forecast       		 0
pie_headmin        		 0
tfp                		 0
INFL               		 0
FFR                		 0
FFRDELTA           		 0
YGROWTH            		 0
YGAP               		 0
VA_MINING          		 0
DEFL_MINING        		 0
VA_MANUFACTURING   		 0
DEFL_MANUFACTURING 		 0
INFL_Annual        		 0
YGROWTH_Annual     		 0
Pie_wr             		 0
Lpie_va_2          		 0
L2pie_va_2         		 0
Ly_va_2            		 0
L2y_va_2           		 0
L3y_va_2           		 0
Lpie_va_5          		 0
L2pie_va_5         		 0
Ly_va_5            		 0
L2y_va_5           		 0
L3y_va_5           		 0
Ly_va              		 0
L2y_va             		 0
L3y_va             		 0
lpie_0             		 0
lpie_1             		 0
lpie_2             		 0
lpie_3             		 0
lpie_4             		 0
lpie_5             		 0
lpie_6             		 0
lpie_7             		 0
lpie_8             		 0
lpie_9             		 0
lpie_10            		 0
lpie_11            		 0
lpie_12            		 0
lpie_13            		 0
lpie_14            		 0
lpie_15            		 0
lpie_16            		 0
fpie_1             		 0
fpie_2             		 0
fpie_3             		 0
fpie_4             		 0
y_1                		 0
y_flex_1           		 0
y_va_1             		 0
y_va_flex_1        		 0
nva_1              		 0
nva_flex_1         		 0
f_1                		 0
f_flex_1           		 0
x_1                		 0
x_flex_1           		 0
mc_1               		 0
c_1                		 0
c_flex_1           		 0
i_1                		 0
i_flex_1           		 0
g_1                		 0
g_flex_1           		 0
k_1                		 0
k_flex_1           		 0
ks_1               		 0
ks_flex_1          		 0
capu_1             		 0
capu_flex_1        		 0
n_1                		 0
n_flex_1           		 0
w_1                		 0
w_flex_1           		 0
gam_1              		 0
gam_flex_1         		 0
gam_f_1            		 0
gam_f_flex_1       		 0
gam_x_1            		 0
gam_x_flex_1       		 0
gam_va_1           		 0
gam_va_flex_1      		 0
a_1                		 0
om_c_1             		 0
pie_va_1           		 0
mu_1               		 0
xx_1_1             		 0
xx_flex_1_1        		 0
xx_2_1             		 0
xx_flex_2_1        		 0
xx_3_1             		 0
xx_flex_3_1        		 0
xx_4_1             		 0
xx_flex_4_1        		 0
xx_5_1             		 0
xx_flex_5_1        		 0
xx_6_1             		 0
xx_flex_6_1        		 0
xx_7_1             		 0
xx_flex_7_1        		 0
xx_8_1             		 0
xx_flex_8_1        		 0
xx_9_1             		 0
xx_flex_9_1        		 0
xx_10_1            		 0
xx_flex_10_1       		 0
xx_11_1            		 0
xx_flex_11_1       		 0
xx_12_1            		 0
xx_flex_12_1       		 0
xx_13_1            		 0
xx_flex_13_1       		 0
xx_14_1            		 0
xx_flex_14_1       		 0
xx_15_1            		 0
xx_flex_15_1       		 0
xx_16_1            		 0
xx_flex_16_1       		 0
xx_17_1            		 0
xx_flex_17_1       		 0
xx_18_1            		 0
xx_flex_18_1       		 0
y_2                		 0
y_flex_2           		 0
y_va_2             		 0
y_va_flex_2        		 0
nva_2              		 0
nva_flex_2         		 0
f_2                		 0
f_flex_2           		 0
x_2                		 0
x_flex_2           		 0
mc_2               		 0
c_2                		 0
c_flex_2           		 0
i_2                		 0
i_flex_2           		 0
g_2                		 0
g_flex_2           		 0
k_2                		 0
k_flex_2           		 0
ks_2               		 0
ks_flex_2          		 0
capu_2             		 0
capu_flex_2        		 0
n_2                		 0
n_flex_2           		 0
w_2                		 0
w_flex_2           		 0
gam_2              		 0
gam_flex_2         		 0
gam_f_2            		 0
gam_f_flex_2       		 0
gam_x_2            		 0
gam_x_flex_2       		 0
gam_va_2           		 0
gam_va_flex_2      		 0
a_2                		 0
om_c_2             		 0
pie_va_2           		 0
mu_2               		 0
xx_1_2             		 0
xx_flex_1_2        		 0
xx_2_2             		 0
xx_flex_2_2        		 0
xx_3_2             		 0
xx_flex_3_2        		 0
xx_4_2             		 0
xx_flex_4_2        		 0
xx_5_2             		 0
xx_flex_5_2        		 0
xx_6_2             		 0
xx_flex_6_2        		 0
xx_7_2             		 0
xx_flex_7_2        		 0
xx_8_2             		 0
xx_flex_8_2        		 0
xx_9_2             		 0
xx_flex_9_2        		 0
xx_10_2            		 0
xx_flex_10_2       		 0
xx_11_2            		 0
xx_flex_11_2       		 0
xx_12_2            		 0
xx_flex_12_2       		 0
xx_13_2            		 0
xx_flex_13_2       		 0
xx_14_2            		 0
xx_flex_14_2       		 0
xx_15_2            		 0
xx_flex_15_2       		 0
xx_16_2            		 0
xx_flex_16_2       		 0
xx_17_2            		 0
xx_flex_17_2       		 0
xx_18_2            		 0
xx_flex_18_2       		 0
y_3                		 0
y_flex_3           		 0
y_va_3             		 0
y_va_flex_3        		 0
nva_3              		 0
nva_flex_3         		 0
f_3                		 0
f_flex_3           		 0
x_3                		 0
x_flex_3           		 0
mc_3               		 0
c_3                		 0
c_flex_3           		 0
i_3                		 0
i_flex_3           		 0
g_3                		 0
g_flex_3           		 0
k_3                		 0
k_flex_3           		 0
ks_3               		 0
ks_flex_3          		 0
capu_3             		 0
capu_flex_3        		 0
n_3                		 0
n_flex_3           		 0
w_3                		 0
w_flex_3           		 0
gam_3              		 0
gam_flex_3         		 0
gam_f_3            		 0
gam_f_flex_3       		 0
gam_x_3            		 0
gam_x_flex_3       		 0
gam_va_3           		 0
gam_va_flex_3      		 0
a_3                		 0
om_c_3             		 0
pie_va_3           		 0
mu_3               		 0
xx_1_3             		 0
xx_flex_1_3        		 0
xx_2_3             		 0
xx_flex_2_3        		 0
xx_3_3             		 0
xx_flex_3_3        		 0
xx_4_3             		 0
xx_flex_4_3        		 0
xx_5_3             		 0
xx_flex_5_3        		 0
xx_6_3             		 0
xx_flex_6_3        		 0
xx_7_3             		 0
xx_flex_7_3        		 0
xx_8_3             		 0
xx_flex_8_3        		 0
xx_9_3             		 0
xx_flex_9_3        		 0
xx_10_3            		 0
xx_flex_10_3       		 0
xx_11_3            		 0
xx_flex_11_3       		 0
xx_12_3            		 0
xx_flex_12_3       		 0
xx_13_3            		 0
xx_flex_13_3       		 0
xx_14_3            		 0
xx_flex_14_3       		 0
xx_15_3            		 0
xx_flex_15_3       		 0
xx_16_3            		 0
xx_flex_16_3       		 0
xx_17_3            		 0
xx_flex_17_3       		 0
xx_18_3            		 0
xx_flex_18_3       		 0
y_4                		 0
y_flex_4           		 0
y_va_4             		 0
y_va_flex_4        		 0
nva_4              		 0
nva_flex_4         		 0
f_4                		 0
f_flex_4           		 0
x_4                		 0
x_flex_4           		 0
mc_4               		 0
c_4                		 0
c_flex_4           		 0
i_4                		 0
i_flex_4           		 0
g_4                		 0
g_flex_4           		 0
k_4                		 0
k_flex_4           		 0
ks_4               		 0
ks_flex_4          		 0
capu_4             		 0
capu_flex_4        		 0
n_4                		 0
n_flex_4           		 0
w_4                		 0
w_flex_4           		 0
gam_4              		 0
gam_flex_4         		 0
gam_f_4            		 0
gam_f_flex_4       		 0
gam_x_4            		 0
gam_x_flex_4       		 0
gam_va_4           		 0
gam_va_flex_4      		 0
a_4                		 0
om_c_4             		 0
pie_va_4           		 0
mu_4               		 0
xx_1_4             		 0
xx_flex_1_4        		 0
xx_2_4             		 0
xx_flex_2_4        		 0
xx_3_4             		 0
xx_flex_3_4        		 0
xx_4_4             		 0
xx_flex_4_4        		 0
xx_5_4             		 0
xx_flex_5_4        		 0
xx_6_4             		 0
xx_flex_6_4        		 0
xx_7_4             		 0
xx_flex_7_4        		 0
xx_8_4             		 0
xx_flex_8_4        		 0
xx_9_4             		 0
xx_flex_9_4        		 0
xx_10_4            		 0
xx_flex_10_4       		 0
xx_11_4            		 0
xx_flex_11_4       		 0
xx_12_4            		 0
xx_flex_12_4       		 0
xx_13_4            		 0
xx_flex_13_4       		 0
xx_14_4            		 0
xx_flex_14_4       		 0
xx_15_4            		 0
xx_flex_15_4       		 0
xx_16_4            		 0
xx_flex_16_4       		 0
xx_17_4            		 0
xx_flex_17_4       		 0
xx_18_4            		 0
xx_flex_18_4       		 0
y_5                		 0
y_flex_5           		 0
y_va_5             		 0
y_va_flex_5        		 0
nva_5              		 0
nva_flex_5         		 0
f_5                		 0
f_flex_5           		 0
x_5                		 0
x_flex_5           		 0
mc_5               		 0
c_5                		 0
c_flex_5           		 0
i_5                		 0
i_flex_5           		 0
g_5                		 0
g_flex_5           		 0
k_5                		 0
k_flex_5           		 0
ks_5               		 0
ks_flex_5          		 0
capu_5             		 0
capu_flex_5        		 0
n_5                		 0
n_flex_5           		 0
w_5                		 0
w_flex_5           		 0
gam_5              		 0
gam_flex_5         		 0
gam_f_5            		 0
gam_f_flex_5       		 0
gam_x_5            		 0
gam_x_flex_5       		 0
gam_va_5           		 0
gam_va_flex_5      		 0
a_5                		 0
om_c_5             		 0
pie_va_5           		 0
mu_5               		 0
xx_1_5             		 0
xx_flex_1_5        		 0
xx_2_5             		 0
xx_flex_2_5        		 0
xx_3_5             		 0
xx_flex_3_5        		 0
xx_4_5             		 0
xx_flex_4_5        		 0
xx_5_5             		 0
xx_flex_5_5        		 0
xx_6_5             		 0
xx_flex_6_5        		 0
xx_7_5             		 0
xx_flex_7_5        		 0
xx_8_5             		 0
xx_flex_8_5        		 0
xx_9_5             		 0
xx_flex_9_5        		 0
xx_10_5            		 0
xx_flex_10_5       		 0
xx_11_5            		 0
xx_flex_11_5       		 0
xx_12_5            		 0
xx_flex_12_5       		 0
xx_13_5            		 0
xx_flex_13_5       		 0
xx_14_5            		 0
xx_flex_14_5       		 0
xx_15_5            		 0
xx_flex_15_5       		 0
xx_16_5            		 0
xx_flex_16_5       		 0
xx_17_5            		 0
xx_flex_17_5       		 0
xx_18_5            		 0
xx_flex_18_5       		 0
y_6                		 0
y_flex_6           		 0
y_va_6             		 0
y_va_flex_6        		 0
nva_6              		 0
nva_flex_6         		 0
f_6                		 0
f_flex_6           		 0
x_6                		 0
x_flex_6           		 0
mc_6               		 0
c_6                		 0
c_flex_6           		 0
i_6                		 0
i_flex_6           		 0
g_6                		 0
g_flex_6           		 0
k_6                		 0
k_flex_6           		 0
ks_6               		 0
ks_flex_6          		 0
capu_6             		 0
capu_flex_6        		 0
n_6                		 0
n_flex_6           		 0
w_6                		 0
w_flex_6           		 0
gam_6              		 0
gam_flex_6         		 0
gam_f_6            		 0
gam_f_flex_6       		 0
gam_x_6            		 0
gam_x_flex_6       		 0
gam_va_6           		 0
gam_va_flex_6      		 0
a_6                		 0
om_c_6             		 0
pie_va_6           		 0
mu_6               		 0
xx_1_6             		 0
xx_flex_1_6        		 0
xx_2_6             		 0
xx_flex_2_6        		 0
xx_3_6             		 0
xx_flex_3_6        		 0
xx_4_6             		 0
xx_flex_4_6        		 0
xx_5_6             		 0
xx_flex_5_6        		 0
xx_6_6             		 0
xx_flex_6_6        		 0
xx_7_6             		 0
xx_flex_7_6        		 0
xx_8_6             		 0
xx_flex_8_6        		 0
xx_9_6             		 0
xx_flex_9_6        		 0
xx_10_6            		 0
xx_flex_10_6       		 0
xx_11_6            		 0
xx_flex_11_6       		 0
xx_12_6            		 0
xx_flex_12_6       		 0
xx_13_6            		 0
xx_flex_13_6       		 0
xx_14_6            		 0
xx_flex_14_6       		 0
xx_15_6            		 0
xx_flex_15_6       		 0
xx_16_6            		 0
xx_flex_16_6       		 0
xx_17_6            		 0
xx_flex_17_6       		 0
xx_18_6            		 0
xx_flex_18_6       		 0
y_7                		 0
y_flex_7           		 0
y_va_7             		 0
y_va_flex_7        		 0
nva_7              		 0
nva_flex_7         		 0
f_7                		 0
f_flex_7           		 0
x_7                		 0
x_flex_7           		 0
mc_7               		 0
c_7                		 0
c_flex_7           		 0
i_7                		 0
i_flex_7           		 0
g_7                		 0
g_flex_7           		 0
k_7                		 0
k_flex_7           		 0
ks_7               		 0
ks_flex_7          		 0
capu_7             		 0
capu_flex_7        		 0
n_7                		 0
n_flex_7           		 0
w_7                		 0
w_flex_7           		 0
gam_7              		 0
gam_flex_7         		 0
gam_f_7            		 0
gam_f_flex_7       		 0
gam_x_7            		 0
gam_x_flex_7       		 0
gam_va_7           		 0
gam_va_flex_7      		 0
a_7                		 0
om_c_7             		 0
pie_va_7           		 0
mu_7               		 0
xx_1_7             		 0
xx_flex_1_7        		 0
xx_2_7             		 0
xx_flex_2_7        		 0
xx_3_7             		 0
xx_flex_3_7        		 0
xx_4_7             		 0
xx_flex_4_7        		 0
xx_5_7             		 0
xx_flex_5_7        		 0
xx_6_7             		 0
xx_flex_6_7        		 0
xx_7_7             		 0
xx_flex_7_7        		 0
xx_8_7             		 0
xx_flex_8_7        		 0
xx_9_7             		 0
xx_flex_9_7        		 0
xx_10_7            		 0
xx_flex_10_7       		 0
xx_11_7            		 0
xx_flex_11_7       		 0
xx_12_7            		 0
xx_flex_12_7       		 0
xx_13_7            		 0
xx_flex_13_7       		 0
xx_14_7            		 0
xx_flex_14_7       		 0
xx_15_7            		 0
xx_flex_15_7       		 0
xx_16_7            		 0
xx_flex_16_7       		 0
xx_17_7            		 0
xx_flex_17_7       		 0
xx_18_7            		 0
xx_flex_18_7       		 0
y_8                		 0
y_flex_8           		 0
y_va_8             		 0
y_va_flex_8        		 0
nva_8              		 0
nva_flex_8         		 0
f_8                		 0
f_flex_8           		 0
x_8                		 0
x_flex_8           		 0
mc_8               		 0
c_8                		 0
c_flex_8           		 0
i_8                		 0
i_flex_8           		 0
g_8                		 0
g_flex_8           		 0
k_8                		 0
k_flex_8           		 0
ks_8               		 0
ks_flex_8          		 0
capu_8             		 0
capu_flex_8        		 0
n_8                		 0
n_flex_8           		 0
w_8                		 0
w_flex_8           		 0
gam_8              		 0
gam_flex_8         		 0
gam_f_8            		 0
gam_f_flex_8       		 0
gam_x_8            		 0
gam_x_flex_8       		 0
gam_va_8           		 0
gam_va_flex_8      		 0
a_8                		 0
om_c_8             		 0
pie_va_8           		 0
mu_8               		 0
xx_1_8             		 0
xx_flex_1_8        		 0
xx_2_8             		 0
xx_flex_2_8        		 0
xx_3_8             		 0
xx_flex_3_8        		 0
xx_4_8             		 0
xx_flex_4_8        		 0
xx_5_8             		 0
xx_flex_5_8        		 0
xx_6_8             		 0
xx_flex_6_8        		 0
xx_7_8             		 0
xx_flex_7_8        		 0
xx_8_8             		 0
xx_flex_8_8        		 0
xx_9_8             		 0
xx_flex_9_8        		 0
xx_10_8            		 0
xx_flex_10_8       		 0
xx_11_8            		 0
xx_flex_11_8       		 0
xx_12_8            		 0
xx_flex_12_8       		 0
xx_13_8            		 0
xx_flex_13_8       		 0
xx_14_8            		 0
xx_flex_14_8       		 0
xx_15_8            		 0
xx_flex_15_8       		 0
xx_16_8            		 0
xx_flex_16_8       		 0
xx_17_8            		 0
xx_flex_17_8       		 0
xx_18_8            		 0
xx_flex_18_8       		 0
y_9                		 0
y_flex_9           		 0
y_va_9             		 0
y_va_flex_9        		 0
nva_9              		 0
nva_flex_9         		 0
f_9                		 0
f_flex_9           		 0
x_9                		 0
x_flex_9           		 0
mc_9               		 0
c_9                		 0
c_flex_9           		 0
i_9                		 0
i_flex_9           		 0
g_9                		 0
g_flex_9           		 0
k_9                		 0
k_flex_9           		 0
ks_9               		 0
ks_flex_9          		 0
capu_9             		 0
capu_flex_9        		 0
n_9                		 0
n_flex_9           		 0
w_9                		 0
w_flex_9           		 0
gam_9              		 0
gam_flex_9         		 0
gam_f_9            		 0
gam_f_flex_9       		 0
gam_x_9            		 0
gam_x_flex_9       		 0
gam_va_9           		 0
gam_va_flex_9      		 0
a_9                		 0
om_c_9             		 0
pie_va_9           		 0
mu_9               		 0
xx_1_9             		 0
xx_flex_1_9        		 0
xx_2_9             		 0
xx_flex_2_9        		 0
xx_3_9             		 0
xx_flex_3_9        		 0
xx_4_9             		 0
xx_flex_4_9        		 0
xx_5_9             		 0
xx_flex_5_9        		 0
xx_6_9             		 0
xx_flex_6_9        		 0
xx_7_9             		 0
xx_flex_7_9        		 0
xx_8_9             		 0
xx_flex_8_9        		 0
xx_9_9             		 0
xx_flex_9_9        		 0
xx_10_9            		 0
xx_flex_10_9       		 0
xx_11_9            		 0
xx_flex_11_9       		 0
xx_12_9            		 0
xx_flex_12_9       		 0
xx_13_9            		 0
xx_flex_13_9       		 0
xx_14_9            		 0
xx_flex_14_9       		 0
xx_15_9            		 0
xx_flex_15_9       		 0
xx_16_9            		 0
xx_flex_16_9       		 0
xx_17_9            		 0
xx_flex_17_9       		 0
xx_18_9            		 0
xx_flex_18_9       		 0
y_10               		 0
y_flex_10          		 0
y_va_10            		 0
y_va_flex_10       		 0
nva_10             		 0
nva_flex_10        		 0
f_10               		 0
f_flex_10          		 0
x_10               		 0
x_flex_10          		 0
mc_10              		 0
c_10               		 0
c_flex_10          		 0
i_10               		 0
i_flex_10          		 0
g_10               		 0
g_flex_10          		 0
k_10               		 0
k_flex_10          		 0
ks_10              		 0
ks_flex_10         		 0
capu_10            		 0
capu_flex_10       		 0
n_10               		 0
n_flex_10          		 0
w_10               		 0
w_flex_10          		 0
gam_10             		 0
gam_flex_10        		 0
gam_f_10           		 0
gam_f_flex_10      		 0
gam_x_10           		 0
gam_x_flex_10      		 0
gam_va_10          		 0
gam_va_flex_10     		 0
a_10               		 0
om_c_10            		 0
pie_va_10          		 0
mu_10              		 0
xx_1_10            		 0
xx_flex_1_10       		 0
xx_2_10            		 0
xx_flex_2_10       		 0
xx_3_10            		 0
xx_flex_3_10       		 0
xx_4_10            		 0
xx_flex_4_10       		 0
xx_5_10            		 0
xx_flex_5_10       		 0
xx_6_10            		 0
xx_flex_6_10       		 0
xx_7_10            		 0
xx_flex_7_10       		 0
xx_8_10            		 0
xx_flex_8_10       		 0
xx_9_10            		 0
xx_flex_9_10       		 0
xx_10_10           		 0
xx_flex_10_10      		 0
xx_11_10           		 0
xx_flex_11_10      		 0
xx_12_10           		 0
xx_flex_12_10      		 0
xx_13_10           		 0
xx_flex_13_10      		 0
xx_14_10           		 0
xx_flex_14_10      		 0
xx_15_10           		 0
xx_flex_15_10      		 0
xx_16_10           		 0
xx_flex_16_10      		 0
xx_17_10           		 0
xx_flex_17_10      		 0
xx_18_10           		 0
xx_flex_18_10      		 0
y_11               		 0
y_flex_11          		 0
y_va_11            		 0
y_va_flex_11       		 0
nva_11             		 0
nva_flex_11        		 0
f_11               		 0
f_flex_11          		 0
x_11               		 0
x_flex_11          		 0
mc_11              		 0
c_11               		 0
c_flex_11          		 0
i_11               		 0
i_flex_11          		 0
g_11               		 0
g_flex_11          		 0
k_11               		 0
k_flex_11          		 0
ks_11              		 0
ks_flex_11         		 0
capu_11            		 0
capu_flex_11       		 0
n_11               		 0
n_flex_11          		 0
w_11               		 0
w_flex_11          		 0
gam_11             		 0
gam_flex_11        		 0
gam_f_11           		 0
gam_f_flex_11      		 0
gam_x_11           		 0
gam_x_flex_11      		 0
gam_va_11          		 0
gam_va_flex_11     		 0
a_11               		 0
om_c_11            		 0
pie_va_11          		 0
mu_11              		 0
xx_1_11            		 0
xx_flex_1_11       		 0
xx_2_11            		 0
xx_flex_2_11       		 0
xx_3_11            		 0
xx_flex_3_11       		 0
xx_4_11            		 0
xx_flex_4_11       		 0
xx_5_11            		 0
xx_flex_5_11       		 0
xx_6_11            		 0
xx_flex_6_11       		 0
xx_7_11            		 0
xx_flex_7_11       		 0
xx_8_11            		 0
xx_flex_8_11       		 0
xx_9_11            		 0
xx_flex_9_11       		 0
xx_10_11           		 0
xx_flex_10_11      		 0
xx_11_11           		 0
xx_flex_11_11      		 0
xx_12_11           		 0
xx_flex_12_11      		 0
xx_13_11           		 0
xx_flex_13_11      		 0
xx_14_11           		 0
xx_flex_14_11      		 0
xx_15_11           		 0
xx_flex_15_11      		 0
xx_16_11           		 0
xx_flex_16_11      		 0
xx_17_11           		 0
xx_flex_17_11      		 0
xx_18_11           		 0
xx_flex_18_11      		 0
y_12               		 0
y_flex_12          		 0
y_va_12            		 0
y_va_flex_12       		 0
nva_12             		 0
nva_flex_12        		 0
f_12               		 0
f_flex_12          		 0
x_12               		 0
x_flex_12          		 0
mc_12              		 0
c_12               		 0
c_flex_12          		 0
i_12               		 0
i_flex_12          		 0
g_12               		 0
g_flex_12          		 0
k_12               		 0
k_flex_12          		 0
ks_12              		 0
ks_flex_12         		 0
capu_12            		 0
capu_flex_12       		 0
n_12               		 0
n_flex_12          		 0
w_12               		 0
w_flex_12          		 0
gam_12             		 0
gam_flex_12        		 0
gam_f_12           		 0
gam_f_flex_12      		 0
gam_x_12           		 0
gam_x_flex_12      		 0
gam_va_12          		 0
gam_va_flex_12     		 0
a_12               		 0
om_c_12            		 0
pie_va_12          		 0
mu_12              		 0
xx_1_12            		 0
xx_flex_1_12       		 0
xx_2_12            		 0
xx_flex_2_12       		 0
xx_3_12            		 0
xx_flex_3_12       		 0
xx_4_12            		 0
xx_flex_4_12       		 0
xx_5_12            		 0
xx_flex_5_12       		 0
xx_6_12            		 0
xx_flex_6_12       		 0
xx_7_12            		 0
xx_flex_7_12       		 0
xx_8_12            		 0
xx_flex_8_12       		 0
xx_9_12            		 0
xx_flex_9_12       		 0
xx_10_12           		 0
xx_flex_10_12      		 0
xx_11_12           		 0
xx_flex_11_12      		 0
xx_12_12           		 0
xx_flex_12_12      		 0
xx_13_12           		 0
xx_flex_13_12      		 0
xx_14_12           		 0
xx_flex_14_12      		 0
xx_15_12           		 0
xx_flex_15_12      		 0
xx_16_12           		 0
xx_flex_16_12      		 0
xx_17_12           		 0
xx_flex_17_12      		 0
xx_18_12           		 0
xx_flex_18_12      		 0
y_13               		 0
y_flex_13          		 0
y_va_13            		 0
y_va_flex_13       		 0
nva_13             		 0
nva_flex_13        		 0
f_13               		 0
f_flex_13          		 0
x_13               		 0
x_flex_13          		 0
mc_13              		 0
c_13               		 0
c_flex_13          		 0
i_13               		 0
i_flex_13          		 0
g_13               		 0
g_flex_13          		 0
k_13               		 0
k_flex_13          		 0
ks_13              		 0
ks_flex_13         		 0
capu_13            		 0
capu_flex_13       		 0
n_13               		 0
n_flex_13          		 0
w_13               		 0
w_flex_13          		 0
gam_13             		 0
gam_flex_13        		 0
gam_f_13           		 0
gam_f_flex_13      		 0
gam_x_13           		 0
gam_x_flex_13      		 0
gam_va_13          		 0
gam_va_flex_13     		 0
a_13               		 0
om_c_13            		 0
pie_va_13          		 0
mu_13              		 0
xx_1_13            		 0
xx_flex_1_13       		 0
xx_2_13            		 0
xx_flex_2_13       		 0
xx_3_13            		 0
xx_flex_3_13       		 0
xx_4_13            		 0
xx_flex_4_13       		 0
xx_5_13            		 0
xx_flex_5_13       		 0
xx_6_13            		 0
xx_flex_6_13       		 0
xx_7_13            		 0
xx_flex_7_13       		 0
xx_8_13            		 0
xx_flex_8_13       		 0
xx_9_13            		 0
xx_flex_9_13       		 0
xx_10_13           		 0
xx_flex_10_13      		 0
xx_11_13           		 0
xx_flex_11_13      		 0
xx_12_13           		 0
xx_flex_12_13      		 0
xx_13_13           		 0
xx_flex_13_13      		 0
xx_14_13           		 0
xx_flex_14_13      		 0
xx_15_13           		 0
xx_flex_15_13      		 0
xx_16_13           		 0
xx_flex_16_13      		 0
xx_17_13           		 0
xx_flex_17_13      		 0
xx_18_13           		 0
xx_flex_18_13      		 0
y_14               		 0
y_flex_14          		 0
y_va_14            		 0
y_va_flex_14       		 0
nva_14             		 0
nva_flex_14        		 0
f_14               		 0
f_flex_14          		 0
x_14               		 0
x_flex_14          		 0
mc_14              		 0
c_14               		 0
c_flex_14          		 0
i_14               		 0
i_flex_14          		 0
g_14               		 0
g_flex_14          		 0
k_14               		 0
k_flex_14          		 0
ks_14              		 0
ks_flex_14         		 0
capu_14            		 0
capu_flex_14       		 0
n_14               		 0
n_flex_14          		 0
w_14               		 0
w_flex_14          		 0
gam_14             		 0
gam_flex_14        		 0
gam_f_14           		 0
gam_f_flex_14      		 0
gam_x_14           		 0
gam_x_flex_14      		 0
gam_va_14          		 0
gam_va_flex_14     		 0
a_14               		 0
om_c_14            		 0
pie_va_14          		 0
mu_14              		 0
xx_1_14            		 0
xx_flex_1_14       		 0
xx_2_14            		 0
xx_flex_2_14       		 0
xx_3_14            		 0
xx_flex_3_14       		 0
xx_4_14            		 0
xx_flex_4_14       		 0
xx_5_14            		 0
xx_flex_5_14       		 0
xx_6_14            		 0
xx_flex_6_14       		 0
xx_7_14            		 0
xx_flex_7_14       		 0
xx_8_14            		 0
xx_flex_8_14       		 0
xx_9_14            		 0
xx_flex_9_14       		 0
xx_10_14           		 0
xx_flex_10_14      		 0
xx_11_14           		 0
xx_flex_11_14      		 0
xx_12_14           		 0
xx_flex_12_14      		 0
xx_13_14           		 0
xx_flex_13_14      		 0
xx_14_14           		 0
xx_flex_14_14      		 0
xx_15_14           		 0
xx_flex_15_14      		 0
xx_16_14           		 0
xx_flex_16_14      		 0
xx_17_14           		 0
xx_flex_17_14      		 0
xx_18_14           		 0
xx_flex_18_14      		 0
y_15               		 0
y_flex_15          		 0
y_va_15            		 0
y_va_flex_15       		 0
nva_15             		 0
nva_flex_15        		 0
f_15               		 0
f_flex_15          		 0
x_15               		 0
x_flex_15          		 0
mc_15              		 0
c_15               		 0
c_flex_15          		 0
i_15               		 0
i_flex_15          		 0
g_15               		 0
g_flex_15          		 0
k_15               		 0
k_flex_15          		 0
ks_15              		 0
ks_flex_15         		 0
capu_15            		 0
capu_flex_15       		 0
n_15               		 0
n_flex_15          		 0
w_15               		 0
w_flex_15          		 0
gam_15             		 0
gam_flex_15        		 0
gam_f_15           		 0
gam_f_flex_15      		 0
gam_x_15           		 0
gam_x_flex_15      		 0
gam_va_15          		 0
gam_va_flex_15     		 0
a_15               		 0
om_c_15            		 0
pie_va_15          		 0
mu_15              		 0
xx_1_15            		 0
xx_flex_1_15       		 0
xx_2_15            		 0
xx_flex_2_15       		 0
xx_3_15            		 0
xx_flex_3_15       		 0
xx_4_15            		 0
xx_flex_4_15       		 0
xx_5_15            		 0
xx_flex_5_15       		 0
xx_6_15            		 0
xx_flex_6_15       		 0
xx_7_15            		 0
xx_flex_7_15       		 0
xx_8_15            		 0
xx_flex_8_15       		 0
xx_9_15            		 0
xx_flex_9_15       		 0
xx_10_15           		 0
xx_flex_10_15      		 0
xx_11_15           		 0
xx_flex_11_15      		 0
xx_12_15           		 0
xx_flex_12_15      		 0
xx_13_15           		 0
xx_flex_13_15      		 0
xx_14_15           		 0
xx_flex_14_15      		 0
xx_15_15           		 0
xx_flex_15_15      		 0
xx_16_15           		 0
xx_flex_16_15      		 0
xx_17_15           		 0
xx_flex_17_15      		 0
xx_18_15           		 0
xx_flex_18_15      		 0
y_16               		 0
y_flex_16          		 0
y_va_16            		 0
y_va_flex_16       		 0
nva_16             		 0
nva_flex_16        		 0
f_16               		 0
f_flex_16          		 0
x_16               		 0
x_flex_16          		 0
mc_16              		 0
c_16               		 0
c_flex_16          		 0
i_16               		 0
i_flex_16          		 0
g_16               		 0
g_flex_16          		 0
k_16               		 0
k_flex_16          		 0
ks_16              		 0
ks_flex_16         		 0
capu_16            		 0
capu_flex_16       		 0
n_16               		 0
n_flex_16          		 0
w_16               		 0
w_flex_16          		 0
gam_16             		 0
gam_flex_16        		 0
gam_f_16           		 0
gam_f_flex_16      		 0
gam_x_16           		 0
gam_x_flex_16      		 0
gam_va_16          		 0
gam_va_flex_16     		 0
a_16               		 0
om_c_16            		 0
pie_va_16          		 0
mu_16              		 0
xx_1_16            		 0
xx_flex_1_16       		 0
xx_2_16            		 0
xx_flex_2_16       		 0
xx_3_16            		 0
xx_flex_3_16       		 0
xx_4_16            		 0
xx_flex_4_16       		 0
xx_5_16            		 0
xx_flex_5_16       		 0
xx_6_16            		 0
xx_flex_6_16       		 0
xx_7_16            		 0
xx_flex_7_16       		 0
xx_8_16            		 0
xx_flex_8_16       		 0
xx_9_16            		 0
xx_flex_9_16       		 0
xx_10_16           		 0
xx_flex_10_16      		 0
xx_11_16           		 0
xx_flex_11_16      		 0
xx_12_16           		 0
xx_flex_12_16      		 0
xx_13_16           		 0
xx_flex_13_16      		 0
xx_14_16           		 0
xx_flex_14_16      		 0
xx_15_16           		 0
xx_flex_15_16      		 0
xx_16_16           		 0
xx_flex_16_16      		 0
xx_17_16           		 0
xx_flex_17_16      		 0
xx_18_16           		 0
xx_flex_18_16      		 0
y_17               		 0
y_flex_17          		 0
y_va_17            		 0
y_va_flex_17       		 0
nva_17             		 0
nva_flex_17        		 0
f_17               		 0
f_flex_17          		 0
x_17               		 0
x_flex_17          		 0
mc_17              		 0
c_17               		 0
c_flex_17          		 0
i_17               		 0
i_flex_17          		 0
g_17               		 0
g_flex_17          		 0
k_17               		 0
k_flex_17          		 0
ks_17              		 0
ks_flex_17         		 0
capu_17            		 0
capu_flex_17       		 0
n_17               		 0
n_flex_17          		 0
w_17               		 0
w_flex_17          		 0
gam_17             		 0
gam_flex_17        		 0
gam_f_17           		 0
gam_f_flex_17      		 0
gam_x_17           		 0
gam_x_flex_17      		 0
gam_va_17          		 0
gam_va_flex_17     		 0
a_17               		 0
om_c_17            		 0
pie_va_17          		 0
mu_17              		 0
xx_1_17            		 0
xx_flex_1_17       		 0
xx_2_17            		 0
xx_flex_2_17       		 0
xx_3_17            		 0
xx_flex_3_17       		 0
xx_4_17            		 0
xx_flex_4_17       		 0
xx_5_17            		 0
xx_flex_5_17       		 0
xx_6_17            		 0
xx_flex_6_17       		 0
xx_7_17            		 0
xx_flex_7_17       		 0
xx_8_17            		 0
xx_flex_8_17       		 0
xx_9_17            		 0
xx_flex_9_17       		 0
xx_10_17           		 0
xx_flex_10_17      		 0
xx_11_17           		 0
xx_flex_11_17      		 0
xx_12_17           		 0
xx_flex_12_17      		 0
xx_13_17           		 0
xx_flex_13_17      		 0
xx_14_17           		 0
xx_flex_14_17      		 0
xx_15_17           		 0
xx_flex_15_17      		 0
xx_16_17           		 0
xx_flex_16_17      		 0
xx_17_17           		 0
xx_flex_17_17      		 0
xx_18_17           		 0
xx_flex_18_17      		 0
y_18               		 0
y_flex_18          		 0
y_va_18            		 0
y_va_flex_18       		 0
nva_18             		 0
nva_flex_18        		 0
f_18               		 0
f_flex_18          		 0
x_18               		 0
x_flex_18          		 0
mc_18              		 0
c_18               		 0
c_flex_18          		 0
i_18               		 0
i_flex_18          		 0
g_18               		 0
g_flex_18          		 0
k_18               		 0
k_flex_18          		 0
ks_18              		 0
ks_flex_18         		 0
capu_18            		 0
capu_flex_18       		 0
n_18               		 0
n_flex_18          		 0
w_18               		 0
w_flex_18          		 0
gam_18             		 0
gam_flex_18        		 0
gam_f_18           		 0
gam_f_flex_18      		 0
gam_x_18           		 0
gam_x_flex_18      		 0
gam_va_18          		 0
gam_va_flex_18     		 0
a_18               		 0
om_c_18            		 0
pie_va_18          		 0
mu_18              		 0
xx_1_18            		 0
xx_flex_1_18       		 0
xx_2_18            		 0
xx_flex_2_18       		 0
xx_3_18            		 0
xx_flex_3_18       		 0
xx_4_18            		 0
xx_flex_4_18       		 0
xx_5_18            		 0
xx_flex_5_18       		 0
xx_6_18            		 0
xx_flex_6_18       		 0
xx_7_18            		 0
xx_flex_7_18       		 0
xx_8_18            		 0
xx_flex_8_18       		 0
xx_9_18            		 0
xx_flex_9_18       		 0
xx_10_18           		 0
xx_flex_10_18      		 0
xx_11_18           		 0
xx_flex_11_18      		 0
xx_12_18           		 0
xx_flex_12_18      		 0
xx_13_18           		 0
xx_flex_13_18      		 0
xx_14_18           		 0
xx_flex_14_18      		 0
xx_15_18           		 0
xx_flex_15_18      		 0
xx_16_18           		 0
xx_flex_16_18      		 0
xx_17_18           		 0
xx_flex_17_18      		 0
xx_18_18           		 0
xx_flex_18_18      		 0
c_r                		 0
c_r_flex           		 0
c_nr               		 0
c_nr_flex          		 0
pie                		 0
lam_r              		 0
lam_r_flex         		 0
cshift             		 0
q_1                		 0
q_flex_1           		 0
rk_1               		 0
rk_flex_1          		 0
z_1                		 0
z_flex_1           		 0
pie_W_1            		 0
pie_1              		 0
q_2                		 0
q_flex_2           		 0
rk_2               		 0
rk_flex_2          		 0
z_2                		 0
z_flex_2           		 0
pie_W_2            		 0
pie_2              		 0
q_3                		 0
q_flex_3           		 0
rk_3               		 0
rk_flex_3          		 0
z_3                		 0
z_flex_3           		 0
pie_W_3            		 0
pie_3              		 0
q_4                		 0
q_flex_4           		 0
rk_4               		 0
rk_flex_4          		 0
z_4                		 0
z_flex_4           		 0
pie_W_4            		 0
pie_4              		 0
q_5                		 0
q_flex_5           		 0
rk_5               		 0
rk_flex_5          		 0
z_5                		 0
z_flex_5           		 0
pie_W_5            		 0
pie_5              		 0
q_6                		 0
q_flex_6           		 0
rk_6               		 0
rk_flex_6          		 0
z_6                		 0
z_flex_6           		 0
pie_W_6            		 0
pie_6              		 0
q_7                		 0
q_flex_7           		 0
rk_7               		 0
rk_flex_7          		 0
z_7                		 0
z_flex_7           		 0
pie_W_7            		 0
pie_7              		 0
q_8                		 0
q_flex_8           		 0
rk_8               		 0
rk_flex_8          		 0
z_8                		 0
z_flex_8           		 0
pie_W_8            		 0
pie_8              		 0
q_9                		 0
q_flex_9           		 0
rk_9               		 0
rk_flex_9          		 0
z_9                		 0
z_flex_9           		 0
pie_W_9            		 0
pie_9              		 0
q_10               		 0
q_flex_10          		 0
rk_10              		 0
rk_flex_10         		 0
z_10               		 0
z_flex_10          		 0
pie_W_10           		 0
pie_10             		 0
q_11               		 0
q_flex_11          		 0
rk_11              		 0
rk_flex_11         		 0
z_11               		 0
z_flex_11          		 0
pie_W_11           		 0
pie_11             		 0
q_12               		 0
q_flex_12          		 0
rk_12              		 0
rk_flex_12         		 0
z_12               		 0
z_flex_12          		 0
pie_W_12           		 0
pie_12             		 0
q_13               		 0
q_flex_13          		 0
rk_13              		 0
rk_flex_13         		 0
z_13               		 0
z_flex_13          		 0
pie_W_13           		 0
pie_13             		 0
q_14               		 0
q_flex_14          		 0
rk_14              		 0
rk_flex_14         		 0
z_14               		 0
z_flex_14          		 0
pie_W_14           		 0
pie_14             		 0
q_15               		 0
q_flex_15          		 0
rk_15              		 0
rk_flex_15         		 0
z_15               		 0
z_flex_15          		 0
pie_W_15           		 0
pie_15             		 0
q_16               		 0
q_flex_16          		 0
rk_16              		 0
rk_flex_16         		 0
z_16               		 0
z_flex_16          		 0
pie_W_16           		 0
pie_16             		 0
q_17               		 0
q_flex_17          		 0
rk_17              		 0
rk_flex_17         		 0
z_17               		 0
z_flex_17          		 0
pie_W_17           		 0
pie_17             		 0
q_18               		 0
q_flex_18          		 0
rk_18              		 0
rk_flex_18         		 0
z_18               		 0
z_flex_18          		 0
pie_W_18           		 0
pie_18             		 0

MODEL SUMMARY

  Number of variables:         1589
  Number of stochastic shocks: 42
  Number of state variables:   265
  Number of jumpers:           155
  Number of static variables:  1247


MATRIX OF COVARIANCE OF EXOGENOUS SHOCKS
Variables        eps_a_1    eps_mu_1     eps_a_2    eps_mu_2     eps_a_3    eps_mu_3     eps_a_4    eps_mu_4     eps_a_5    eps_mu_5     eps_a_6    eps_mu_6     eps_a_7    eps_mu_7     eps_a_8    eps_mu_8     eps_a_9    eps_mu_9    eps_a_10   eps_mu_10    eps_a_11   eps_mu_11    eps_a_12   eps_mu_12    eps_a_13   eps_mu_13    eps_a_14   eps_mu_14    eps_a_15   eps_mu_15    eps_a_16   eps_mu_16    eps_a_17   eps_mu_17    eps_a_18   eps_mu_18       eps_r       eps_g   eps_trans  eps_cshift     eps_tfp      eps_mm
eps_a_1         1.000000    0.000000    0.000000    0.000000    0.000000    0.000000    0.000000    0.000000    0.000000    0.000000    0.000000    0.000000    0.000000    0.000000    0.000000    0.000000    0.000000    0.000000    0.000000    0.000000    0.000000    0.000000    0.000000    0.000000    0.000000    0.000000    0.000000    0.000000    0.000000    0.000000    0.000000    0.000000    0.000000    0.000000    0.000000    0.000000    0.000000    0.000000    0.000000    0.000000    0.000000    0.000000
eps_mu_1        0.000000    1.000000    0.000000    0.000000    0.000000    0.000000    0.000000    0.000000    0.000000    0.000000    0.000000    0.000000    0.000000    0.000000    0.000000    0.000000    0.000000    0.000000    0.000000    0.000000    0.000000    0.000000    0.000000    0.000000    0.000000    0.000000    0.000000    0.000000    0.000000    0.000000    0.000000    0.000000    0.000000    0.000000    0.000000    0.000000    0.000000    0.000000    0.000000    0.000000    0.000000    0.000000
eps_a_2         0.000000    0.000000    1.000000    0.000000    0.000000    0.000000    0.000000    0.000000    0.000000    0.000000    0.000000    0.000000    0.000000    0.000000    0.000000    0.000000    0.000000    0.000000    0.000000    0.000000    0.000000    0.000000    0.000000    0.000000    0.000000    0.000000    0.000000    0.000000    0.000000    0.000000    0.000000    0.000000    0.000000    0.000000    0.000000    0.000000    0.000000    0.000000    0.000000    0.000000    0.000000    0.000000
eps_mu_2        0.000000    0.000000    0.000000    1.000000    0.000000    0.000000    0.000000    0.000000    0.000000    0.000000    0.000000    0.000000    0.000000    0.000000    0.000000    0.000000    0.000000    0.000000    0.000000    0.000000    0.000000    0.000000    0.000000    0.000000    0.000000    0.000000    0.000000    0.000000    0.000000    0.000000    0.000000    0.000000    0.000000    0.000000    0.000000    0.000000    0.000000    0.000000    0.000000    0.000000    0.000000    0.000000
eps_a_3         0.000000    0.000000    0.000000    0.000000    1.000000    0.000000    0.000000    0.000000    0.000000    0.000000    0.000000    0.000000    0.000000    0.000000    0.000000    0.000000    0.000000    0.000000    0.000000    0.000000    0.000000    0.000000    0.000000    0.000000    0.000000    0.000000    0.000000    0.000000    0.000000    0.000000    0.000000    0.000000    0.000000    0.000000    0.000000    0.000000    0.000000    0.000000    0.000000    0.000000    0.000000    0.000000
eps_mu_3        0.000000    0.000000    0.000000    0.000000    0.000000    1.000000    0.000000    0.000000    0.000000    0.000000    0.000000    0.000000    0.000000    0.000000    0.000000    0.000000    0.000000    0.000000    0.000000    0.000000    0.000000    0.000000    0.000000    0.000000    0.000000    0.000000    0.000000    0.000000    0.000000    0.000000    0.000000    0.000000    0.000000    0.000000    0.000000    0.000000    0.000000    0.000000    0.000000    0.000000    0.000000    0.000000
eps_a_4         0.000000    0.000000    0.000000    0.000000    0.000000    0.000000    1.000000    0.000000    0.000000    0.000000    0.000000    0.000000    0.000000    0.000000    0.000000    0.000000    0.000000    0.000000    0.000000    0.000000    0.000000    0.000000    0.000000    0.000000    0.000000    0.000000    0.000000    0.000000    0.000000    0.000000    0.000000    0.000000    0.000000    0.000000    0.000000    0.000000    0.000000    0.000000    0.000000    0.000000    0.000000    0.000000
eps_mu_4        0.000000    0.000000    0.000000    0.000000    0.000000    0.000000    0.000000    1.000000    0.000000    0.000000    0.000000    0.000000    0.000000    0.000000    0.000000    0.000000    0.000000    0.000000    0.000000    0.000000    0.000000    0.000000    0.000000    0.000000    0.000000    0.000000    0.000000    0.000000    0.000000    0.000000    0.000000    0.000000    0.000000    0.000000    0.000000    0.000000    0.000000    0.000000    0.000000    0.000000    0.000000    0.000000
eps_a_5         0.000000    0.000000    0.000000    0.000000    0.000000    0.000000    0.000000    0.000000    1.000000    0.000000    0.000000    0.000000    0.000000    0.000000    0.000000    0.000000    0.000000    0.000000    0.000000    0.000000    0.000000    0.000000    0.000000    0.000000    0.000000    0.000000    0.000000    0.000000    0.000000    0.000000    0.000000    0.000000    0.000000    0.000000    0.000000    0.000000    0.000000    0.000000    0.000000    0.000000    0.000000    0.000000
eps_mu_5        0.000000    0.000000    0.000000    0.000000    0.000000    0.000000    0.000000    0.000000    0.000000    1.000000    0.000000    0.000000    0.000000    0.000000    0.000000    0.000000    0.000000    0.000000    0.000000    0.000000    0.000000    0.000000    0.000000    0.000000    0.000000    0.000000    0.000000    0.000000    0.000000    0.000000    0.000000    0.000000    0.000000    0.000000    0.000000    0.000000    0.000000    0.000000    0.000000    0.000000    0.000000    0.000000
eps_a_6         0.000000    0.000000    0.000000    0.000000    0.000000    0.000000    0.000000    0.000000    0.000000    0.000000    1.000000    0.000000    0.000000    0.000000    0.000000    0.000000    0.000000    0.000000    0.000000    0.000000    0.000000    0.000000    0.000000    0.000000    0.000000    0.000000    0.000000    0.000000    0.000000    0.000000    0.000000    0.000000    0.000000    0.000000    0.000000    0.000000    0.000000    0.000000    0.000000    0.000000    0.000000    0.000000
eps_mu_6        0.000000    0.000000    0.000000    0.000000    0.000000    0.000000    0.000000    0.000000    0.000000    0.000000    0.000000    1.000000    0.000000    0.000000    0.000000    0.000000    0.000000    0.000000    0.000000    0.000000    0.000000    0.000000    0.000000    0.000000    0.000000    0.000000    0.000000    0.000000    0.000000    0.000000    0.000000    0.000000    0.000000    0.000000    0.000000    0.000000    0.000000    0.000000    0.000000    0.000000    0.000000    0.000000
eps_a_7         0.000000    0.000000    0.000000    0.000000    0.000000    0.000000    0.000000    0.000000    0.000000    0.000000    0.000000    0.000000    1.000000    0.000000    0.000000    0.000000    0.000000    0.000000    0.000000    0.000000    0.000000    0.000000    0.000000    0.000000    0.000000    0.000000    0.000000    0.000000    0.000000    0.000000    0.000000    0.000000    0.000000    0.000000    0.000000    0.000000    0.000000    0.000000    0.000000    0.000000    0.000000    0.000000
eps_mu_7        0.000000    0.000000    0.000000    0.000000    0.000000    0.000000    0.000000    0.000000    0.000000    0.000000    0.000000    0.000000    0.000000    1.000000    0.000000    0.000000    0.000000    0.000000    0.000000    0.000000    0.000000    0.000000    0.000000    0.000000    0.000000    0.000000    0.000000    0.000000    0.000000    0.000000    0.000000    0.000000    0.000000    0.000000    0.000000    0.000000    0.000000    0.000000    0.000000    0.000000    0.000000    0.000000
eps_a_8         0.000000    0.000000    0.000000    0.000000    0.000000    0.000000    0.000000    0.000000    0.000000    0.000000    0.000000    0.000000    0.000000    0.000000    1.000000    0.000000    0.000000    0.000000    0.000000    0.000000    0.000000    0.000000    0.000000    0.000000    0.000000    0.000000    0.000000    0.000000    0.000000    0.000000    0.000000    0.000000    0.000000    0.000000    0.000000    0.000000    0.000000    0.000000    0.000000    0.000000    0.000000    0.000000
eps_mu_8        0.000000    0.000000    0.000000    0.000000    0.000000    0.000000    0.000000    0.000000    0.000000    0.000000    0.000000    0.000000    0.000000    0.000000    0.000000    1.000000    0.000000    0.000000    0.000000    0.000000    0.000000    0.000000    0.000000    0.000000    0.000000    0.000000    0.000000    0.000000    0.000000    0.000000    0.000000    0.000000    0.000000    0.000000    0.000000    0.000000    0.000000    0.000000    0.000000    0.000000    0.000000    0.000000
eps_a_9         0.000000    0.000000    0.000000    0.000000    0.000000    0.000000    0.000000    0.000000    0.000000    0.000000    0.000000    0.000000    0.000000    0.000000    0.000000    0.000000    1.000000    0.000000    0.000000    0.000000    0.000000    0.000000    0.000000    0.000000    0.000000    0.000000    0.000000    0.000000    0.000000    0.000000    0.000000    0.000000    0.000000    0.000000    0.000000    0.000000    0.000000    0.000000    0.000000    0.000000    0.000000    0.000000
eps_mu_9        0.000000    0.000000    0.000000    0.000000    0.000000    0.000000    0.000000    0.000000    0.000000    0.000000    0.000000    0.000000    0.000000    0.000000    0.000000    0.000000    0.000000    1.000000    0.000000    0.000000    0.000000    0.000000    0.000000    0.000000    0.000000    0.000000    0.000000    0.000000    0.000000    0.000000    0.000000    0.000000    0.000000    0.000000    0.000000    0.000000    0.000000    0.000000    0.000000    0.000000    0.000000    0.000000
eps_a_10        0.000000    0.000000    0.000000    0.000000    0.000000    0.000000    0.000000    0.000000    0.000000    0.000000    0.000000    0.000000    0.000000    0.000000    0.000000    0.000000    0.000000    0.000000    1.000000    0.000000    0.000000    0.000000    0.000000    0.000000    0.000000    0.000000    0.000000    0.000000    0.000000    0.000000    0.000000    0.000000    0.000000    0.000000    0.000000    0.000000    0.000000    0.000000    0.000000    0.000000    0.000000    0.000000
eps_mu_10       0.000000    0.000000    0.000000    0.000000    0.000000    0.000000    0.000000    0.000000    0.000000    0.000000    0.000000    0.000000    0.000000    0.000000    0.000000    0.000000    0.000000    0.000000    0.000000    1.000000    0.000000    0.000000    0.000000    0.000000    0.000000    0.000000    0.000000    0.000000    0.000000    0.000000    0.000000    0.000000    0.000000    0.000000    0.000000    0.000000    0.000000    0.000000    0.000000    0.000000    0.000000    0.000000
eps_a_11        0.000000    0.000000    0.000000    0.000000    0.000000    0.000000    0.000000    0.000000    0.000000    0.000000    0.000000    0.000000    0.000000    0.000000    0.000000    0.000000    0.000000    0.000000    0.000000    0.000000    1.000000    0.000000    0.000000    0.000000    0.000000    0.000000    0.000000    0.000000    0.000000    0.000000    0.000000    0.000000    0.000000    0.000000    0.000000    0.000000    0.000000    0.000000    0.000000    0.000000    0.000000    0.000000
eps_mu_11       0.000000    0.000000    0.000000    0.000000    0.000000    0.000000    0.000000    0.000000    0.000000    0.000000    0.000000    0.000000    0.000000    0.000000    0.000000    0.000000    0.000000    0.000000    0.000000    0.000000    0.000000    1.000000    0.000000    0.000000    0.000000    0.000000    0.000000    0.000000    0.000000    0.000000    0.000000    0.000000    0.000000    0.000000    0.000000    0.000000    0.000000    0.000000    0.000000    0.000000    0.000000    0.000000
eps_a_12        0.000000    0.000000    0.000000    0.000000    0.000000    0.000000    0.000000    0.000000    0.000000    0.000000    0.000000    0.000000    0.000000    0.000000    0.000000    0.000000    0.000000    0.000000    0.000000    0.000000    0.000000    0.000000    1.000000    0.000000    0.000000    0.000000    0.000000    0.000000    0.000000    0.000000    0.000000    0.000000    0.000000    0.000000    0.000000    0.000000    0.000000    0.000000    0.000000    0.000000    0.000000    0.000000
eps_mu_12       0.000000    0.000000    0.000000    0.000000    0.000000    0.000000    0.000000    0.000000    0.000000    0.000000    0.000000    0.000000    0.000000    0.000000    0.000000    0.000000    0.000000    0.000000    0.000000    0.000000    0.000000    0.000000    0.000000    1.000000    0.000000    0.000000    0.000000    0.000000    0.000000    0.000000    0.000000    0.000000    0.000000    0.000000    0.000000    0.000000    0.000000    0.000000    0.000000    0.000000    0.000000    0.000000
eps_a_13        0.000000    0.000000    0.000000    0.000000    0.000000    0.000000    0.000000    0.000000    0.000000    0.000000    0.000000    0.000000    0.000000    0.000000    0.000000    0.000000    0.000000    0.000000    0.000000    0.000000    0.000000    0.000000    0.000000    0.000000    1.000000    0.000000    0.000000    0.000000    0.000000    0.000000    0.000000    0.000000    0.000000    0.000000    0.000000    0.000000    0.000000    0.000000    0.000000    0.000000    0.000000    0.000000
eps_mu_13       0.000000    0.000000    0.000000    0.000000    0.000000    0.000000    0.000000    0.000000    0.000000    0.000000    0.000000    0.000000    0.000000    0.000000    0.000000    0.000000    0.000000    0.000000    0.000000    0.000000    0.000000    0.000000    0.000000    0.000000    0.000000    1.000000    0.000000    0.000000    0.000000    0.000000    0.000000    0.000000    0.000000    0.000000    0.000000    0.000000    0.000000    0.000000    0.000000    0.000000    0.000000    0.000000
eps_a_14        0.000000    0.000000    0.000000    0.000000    0.000000    0.000000    0.000000    0.000000    0.000000    0.000000    0.000000    0.000000    0.000000    0.000000    0.000000    0.000000    0.000000    0.000000    0.000000    0.000000    0.000000    0.000000    0.000000    0.000000    0.000000    0.000000    1.000000    0.000000    0.000000    0.000000    0.000000    0.000000    0.000000    0.000000    0.000000    0.000000    0.000000    0.000000    0.000000    0.000000    0.000000    0.000000
eps_mu_14       0.000000    0.000000    0.000000    0.000000    0.000000    0.000000    0.000000    0.000000    0.000000    0.000000    0.000000    0.000000    0.000000    0.000000    0.000000    0.000000    0.000000    0.000000    0.000000    0.000000    0.000000    0.000000    0.000000    0.000000    0.000000    0.000000    0.000000    1.000000    0.000000    0.000000    0.000000    0.000000    0.000000    0.000000    0.000000    0.000000    0.000000    0.000000    0.000000    0.000000    0.000000    0.000000
eps_a_15        0.000000    0.000000    0.000000    0.000000    0.000000    0.000000    0.000000    0.000000    0.000000    0.000000    0.000000    0.000000    0.000000    0.000000    0.000000    0.000000    0.000000    0.000000    0.000000    0.000000    0.000000    0.000000    0.000000    0.000000    0.000000    0.000000    0.000000    0.000000    1.000000    0.000000    0.000000    0.000000    0.000000    0.000000    0.000000    0.000000    0.000000    0.000000    0.000000    0.000000    0.000000    0.000000
eps_mu_15       0.000000    0.000000    0.000000    0.000000    0.000000    0.000000    0.000000    0.000000    0.000000    0.000000    0.000000    0.000000    0.000000    0.000000    0.000000    0.000000    0.000000    0.000000    0.000000    0.000000    0.000000    0.000000    0.000000    0.000000    0.000000    0.000000    0.000000    0.000000    0.000000    1.000000    0.000000    0.000000    0.000000    0.000000    0.000000    0.000000    0.000000    0.000000    0.000000    0.000000    0.000000    0.000000
eps_a_16        0.000000    0.000000    0.000000    0.000000    0.000000    0.000000    0.000000    0.000000    0.000000    0.000000    0.000000    0.000000    0.000000    0.000000    0.000000    0.000000    0.000000    0.000000    0.000000    0.000000    0.000000    0.000000    0.000000    0.000000    0.000000    0.000000    0.000000    0.000000    0.000000    0.000000    1.000000    0.000000    0.000000    0.000000    0.000000    0.000000    0.000000    0.000000    0.000000    0.000000    0.000000    0.000000
eps_mu_16       0.000000    0.000000    0.000000    0.000000    0.000000    0.000000    0.000000    0.000000    0.000000    0.000000    0.000000    0.000000    0.000000    0.000000    0.000000    0.000000    0.000000    0.000000    0.000000    0.000000    0.000000    0.000000    0.000000    0.000000    0.000000    0.000000    0.000000    0.000000    0.000000    0.000000    0.000000    1.000000    0.000000    0.000000    0.000000    0.000000    0.000000    0.000000    0.000000    0.000000    0.000000    0.000000
eps_a_17        0.000000    0.000000    0.000000    0.000000    0.000000    0.000000    0.000000    0.000000    0.000000    0.000000    0.000000    0.000000    0.000000    0.000000    0.000000    0.000000    0.000000    0.000000    0.000000    0.000000    0.000000    0.000000    0.000000    0.000000    0.000000    0.000000    0.000000    0.000000    0.000000    0.000000    0.000000    0.000000    1.000000    0.000000    0.000000    0.000000    0.000000    0.000000    0.000000    0.000000    0.000000    0.000000
eps_mu_17       0.000000    0.000000    0.000000    0.000000    0.000000    0.000000    0.000000    0.000000    0.000000    0.000000    0.000000    0.000000    0.000000    0.000000    0.000000    0.000000    0.000000    0.000000    0.000000    0.000000    0.000000    0.000000    0.000000    0.000000    0.000000    0.000000    0.000000    0.000000    0.000000    0.000000    0.000000    0.000000    0.000000    1.000000    0.000000    0.000000    0.000000    0.000000    0.000000    0.000000    0.000000    0.000000
eps_a_18        0.000000    0.000000    0.000000    0.000000    0.000000    0.000000    0.000000    0.000000    0.000000    0.000000    0.000000    0.000000    0.000000    0.000000    0.000000    0.000000    0.000000    0.000000    0.000000    0.000000    0.000000    0.000000    0.000000    0.000000    0.000000    0.000000    0.000000    0.000000    0.000000    0.000000    0.000000    0.000000    0.000000    0.000000    1.000000    0.000000    0.000000    0.000000    0.000000    0.000000    0.000000    0.000000
eps_mu_18       0.000000    0.000000    0.000000    0.000000    0.000000    0.000000    0.000000    0.000000    0.000000    0.000000    0.000000    0.000000    0.000000    0.000000    0.000000    0.000000    0.000000    0.000000    0.000000    0.000000    0.000000    0.000000    0.000000    0.000000    0.000000    0.000000    0.000000    0.000000    0.000000    0.000000    0.000000    0.000000    0.000000    0.000000    0.000000    1.000000    0.000000    0.000000    0.000000    0.000000    0.000000    0.000000
eps_r           0.000000    0.000000    0.000000    0.000000    0.000000    0.000000    0.000000    0.000000    0.000000    0.000000    0.000000    0.000000    0.000000    0.000000    0.000000    0.000000    0.000000    0.000000    0.000000    0.000000    0.000000    0.000000    0.000000    0.000000    0.000000    0.000000    0.000000    0.000000    0.000000    0.000000    0.000000    0.000000    0.000000    0.000000    0.000000    0.000000    1.000000    0.000000    0.000000    0.000000    0.000000    0.000000
eps_g           0.000000    0.000000    0.000000    0.000000    0.000000    0.000000    0.000000    0.000000    0.000000    0.000000    0.000000    0.000000    0.000000    0.000000    0.000000    0.000000    0.000000    0.000000    0.000000    0.000000    0.000000    0.000000    0.000000    0.000000    0.000000    0.000000    0.000000    0.000000    0.000000    0.000000    0.000000    0.000000    0.000000    0.000000    0.000000    0.000000    0.000000    0.000000    0.000000    0.000000    0.000000    0.000000
eps_trans       0.000000    0.000000    0.000000    0.000000    0.000000    0.000000    0.000000    0.000000    0.000000    0.000000    0.000000    0.000000    0.000000    0.000000    0.000000    0.000000    0.000000    0.000000    0.000000    0.000000    0.000000    0.000000    0.000000    0.000000    0.000000    0.000000    0.000000    0.000000    0.000000    0.000000    0.000000    0.000000    0.000000    0.000000    0.000000    0.000000    0.000000    0.000000    0.000000    0.000000    0.000000    0.000000
eps_cshift      0.000000    0.000000    0.000000    0.000000    0.000000    0.000000    0.000000    0.000000    0.000000    0.000000    0.000000    0.000000    0.000000    0.000000    0.000000    0.000000    0.000000    0.000000    0.000000    0.000000    0.000000    0.000000    0.000000    0.000000    0.000000    0.000000    0.000000    0.000000    0.000000    0.000000    0.000000    0.000000    0.000000    0.000000    0.000000    0.000000    0.000000    0.000000    0.000000    1.000000    0.000000    0.000000
eps_tfp         0.000000    0.000000    0.000000    0.000000    0.000000    0.000000    0.000000    0.000000    0.000000    0.000000    0.000000    0.000000    0.000000    0.000000    0.000000    0.000000    0.000000    0.000000    0.000000    0.000000    0.000000    0.000000    0.000000    0.000000    0.000000    0.000000    0.000000    0.000000    0.000000    0.000000    0.000000    0.000000    0.000000    0.000000    0.000000    0.000000    0.000000    0.000000    0.000000    0.000000    1.000000    0.000000
eps_mm          0.000000    0.000000    0.000000    0.000000    0.000000    0.000000    0.000000    0.000000    0.000000    0.000000    0.000000    0.000000    0.000000    0.000000    0.000000    0.000000    0.000000    0.000000    0.000000    0.000000    0.000000    0.000000    0.000000    0.000000    0.000000    0.000000    0.000000    0.000000    0.000000    0.000000    0.000000    0.000000    0.000000    0.000000    0.000000    0.000000    0.000000    0.000000    0.000000    0.000000    0.000000    1.000000

Total computing time : 0h00m18s
